F:\AMZHOU\DMOEA20130121\PROJECT_DMOO2\EMO\TMP\WIN32\LIBEMO\DEBUG\GENMODMIDEA.OBJ
F:\AMZHOU\DMOEA20130121\PROJECT_DMOO2\EMO\TMP\WIN32\LIBEMO\DEBUG\GENMODMIXGAUSS.OBJ
F:\AMZHOU\DMOEA20130121\PROJECT_DMOO2\EMO\TMP\WIN32\LIBEMO\DEBUG\GENMODRM.OBJ
F:\AMZHOU\DMOEA20130121\PROJECT_DMOO2\EMO\TMP\WIN32\LIBEMO\DEBUG\GENMODRM2.OBJ
F:\AMZHOU\DMOEA20130121\PROJECT_DMOO2\EMO\TMP\WIN32\LIBEMO\DEBUG\GENMODRM3.OBJ
F:\AMZHOU\DMOEA20130121\PROJECT_DMOO2\EMO\TMP\WIN32\LIBEMO\DEBUG\GENMODRM_O.OBJ
F:\AMZHOU\DMOEA20130121\PROJECT_DMOO2\EMO\TMP\WIN32\LIBEMO\DEBUG\GENMODRMH.OBJ
F:\AMZHOU\DMOEA20130121\PROJECT_DMOO2\EMO\TMP\WIN32\LIBEMO\DEBUG\GENMODSOM.OBJ
F:\AMZHOU\DMOEA20130121\PROJECT_DMOO2\EMO\TMP\WIN32\LIBEMO\DEBUG\GENPCX.OBJ
F:\AMZHOU\DMOEA20130121\PROJECT_DMOO2\EMO\TMP\WIN32\LIBEMO\DEBUG\GENSBX.OBJ
F:\AMZHOU\DMOEA20130121\PROJECT_DMOO2\EMO\TMP\WIN32\LIBEMO\DEBUG\GENSIMPLEX.OBJ
F:\AMZHOU\DMOEA20130121\PROJECT_DMOO2\EMO\TMP\WIN32\LIBEMO\DEBUG\INDIVIDUALMO.OBJ
F:\AMZHOU\DMOEA20130121\PROJECT_DMOO2\EMO\TMP\WIN32\LIBEMO\DEBUG\INITIALIZATION.OBJ
F:\AMZHOU\DMOEA20130121\PROJECT_DMOO2\EMO\TMP\WIN32\LIBEMO\DEBUG\POPULATIONMO.OBJ
F:\AMZHOU\DMOEA20130121\PROJECT_DMOO2\EMO\TMP\WIN32\LIBEMO\DEBUG\SELCROWD.OBJ
F:\AMZHOU\DMOEA20130121\PROJECT_DMOO2\EMO\TMP\WIN32\LIBEMO\DEBUG\SELDUALCROWD.OBJ
F:\AMZHOU\DMOEA20130121\PROJECT_DMOO2\EMO\TMP\WIN32\LIBEMO\DEBUG\SELG.OBJ
F:\AMZHOU\DMOEA20130121\PROJECT_DMOO2\EMO\TMP\WIN32\LIBEMO\DEBUG\SELM.OBJ
F:\AMZHOU\DMOEA20130121\PROJECT_DMOO2\EMO\TMP\WIN32\LIBEMO\DEBUG\SELMAXMIN.OBJ
F:\AMZHOU\DMOEA20130121\PROJECT_DMOO2\EMO\TMP\WIN32\LIBEMO\DEBUG\SELNEIGHBOR.OBJ
F:\AMZHOU\DMOEA20130121\PROJECT_DMOO2\EMO\TMP\WIN32\LIBEMO\DEBUG\GENDE.OBJ
F:\AMZHOU\DMOEA20130121\PROJECT_DMOO2\EMO\TMP\WIN32\LIBEMO\DEBUG\GENESIMPLEX.OBJ
F:\AMZHOU\DMOEA20130121\PROJECT_DMOO2\EMO\TMP\WIN32\LIBEMO\DEBUG\GENFUZZY.OBJ
F:\AMZHOU\DMOEA20130121\PROJECT_DMOO2\EMO\TMP\WIN32\LIBEMO\DEBUG\GENGTX.OBJ
F:\AMZHOU\DMOEA20130121\PROJECT_DMOO2\EMO\TMP\WIN32\LIBEMO\DEBUG\GENMOD.OBJ
F:\AMZHOU\DMOEA20130121\PROJECT_DMOO2\EMO\TMP\WIN32\LIBEMO\DEBUG\GENMODGTM1.OBJ
F:\AMZHOU\DMOEA20130121\PROJECT_DMOO2\EMO\TMP\WIN32\LIBEMO\DEBUG\GENMODGTM2.OBJ
F:\AMZHOU\DMOEA20130121\PROJECT_DMOO2\EMO\TMP\WIN32\LIBEMO\DEBUG\GENMODHYBRIDA.OBJ
F:\AMZHOU\DMOEA20130121\PROJECT_DMOO2\EMO\TMP\WIN32\LIBEMO\DEBUG\GENMODHYBRIDB.OBJ
F:\AMZHOU\DMOEA20130121\PROJECT_DMOO2\EMO\TMP\WIN32\LIBEMO\DEBUG\GENMODLOCAL.OBJ
F:\AMZHOU\DMOEA20130121\PROJECT_DMOO2\EMO\TMP\WIN32\LIBEMO\DEBUG\GENMODLOCALPCAO.OBJ
F:\AMZHOU\DMOEA20130121\PROJECT_DMOO2\EMO\TMP\WIN32\LIBEMO\DEBUG\VC110.PDB
F:\AMZHOU\DMOEA20130121\PROJECT_DMOO2\EMO\LIB\LIBEMO.LIB
F:\amzhou\DMOEA20130121\project_dmoo2\emo\tmp\WIN32\libemo\Debug\GenDE.obj
F:\amzhou\DMOEA20130121\project_dmoo2\emo\tmp\WIN32\libemo\Debug\GenESimplex.obj
F:\amzhou\DMOEA20130121\project_dmoo2\emo\tmp\WIN32\libemo\Debug\GenFuzzy.obj
F:\amzhou\DMOEA20130121\project_dmoo2\emo\tmp\WIN32\libemo\Debug\GenGTX.obj
F:\amzhou\DMOEA20130121\project_dmoo2\emo\tmp\WIN32\libemo\Debug\GenMod.obj
F:\amzhou\DMOEA20130121\project_dmoo2\emo\tmp\WIN32\libemo\Debug\GenModGTM1.obj
F:\amzhou\DMOEA20130121\project_dmoo2\emo\tmp\WIN32\libemo\Debug\GenModGTM2.obj
F:\amzhou\DMOEA20130121\project_dmoo2\emo\tmp\WIN32\libemo\Debug\GenModHybridA.obj
F:\amzhou\DMOEA20130121\project_dmoo2\emo\tmp\WIN32\libemo\Debug\GenModHybridB.obj
F:\amzhou\DMOEA20130121\project_dmoo2\emo\tmp\WIN32\libemo\Debug\GenModLocal.obj
F:\amzhou\DMOEA20130121\project_dmoo2\emo\tmp\WIN32\libemo\Debug\GenModLocalPCAO.obj
F:\amzhou\DMOEA20130121\project_dmoo2\emo\tmp\WIN32\libemo\Debug\GenModMIDEA.obj
F:\amzhou\DMOEA20130121\project_dmoo2\emo\tmp\WIN32\libemo\Debug\GenModMixGauss.obj
F:\amzhou\DMOEA20130121\project_dmoo2\emo\tmp\WIN32\libemo\Debug\GenModRM.obj
F:\amzhou\DMOEA20130121\project_dmoo2\emo\tmp\WIN32\libemo\Debug\GenModRM2.obj
F:\amzhou\DMOEA20130121\project_dmoo2\emo\tmp\WIN32\libemo\Debug\GenModRM3.obj
F:\amzhou\DMOEA20130121\project_dmoo2\emo\tmp\WIN32\libemo\Debug\GenModRMH.obj
F:\amzhou\DMOEA20130121\project_dmoo2\emo\tmp\WIN32\libemo\Debug\GenModRM_O.obj
F:\amzhou\DMOEA20130121\project_dmoo2\emo\tmp\WIN32\libemo\Debug\GenModSOM.obj
F:\amzhou\DMOEA20130121\project_dmoo2\emo\tmp\WIN32\libemo\Debug\GenPCX.obj
F:\amzhou\DMOEA20130121\project_dmoo2\emo\tmp\WIN32\libemo\Debug\GenSBX.obj
F:\amzhou\DMOEA20130121\project_dmoo2\emo\tmp\WIN32\libemo\Debug\GenSimplex.obj
F:\amzhou\DMOEA20130121\project_dmoo2\emo\tmp\WIN32\libemo\Debug\IndividualMO.obj
F:\amzhou\DMOEA20130121\project_dmoo2\emo\tmp\WIN32\libemo\Debug\Initialization.obj
F:\amzhou\DMOEA20130121\project_dmoo2\emo\tmp\WIN32\libemo\Debug\PopulationMO.obj
F:\amzhou\DMOEA20130121\project_dmoo2\emo\tmp\WIN32\libemo\Debug\SelCrowd.obj
F:\amzhou\DMOEA20130121\project_dmoo2\emo\tmp\WIN32\libemo\Debug\SelDualCrowd.obj
F:\amzhou\DMOEA20130121\project_dmoo2\emo\tmp\WIN32\libemo\Debug\SelG.obj
F:\amzhou\DMOEA20130121\project_dmoo2\emo\tmp\WIN32\libemo\Debug\SelM.obj
F:\amzhou\DMOEA20130121\project_dmoo2\emo\tmp\WIN32\libemo\Debug\SelMaxMin.obj
F:\amzhou\DMOEA20130121\project_dmoo2\emo\tmp\WIN32\libemo\Debug\SelNeighbor.obj
F:\amzhou\DMOEA20130121\project_dmoo2\emo\tmp\WIN32\libemo\Debug\cl.command.1.tlog
F:\amzhou\DMOEA20130121\project_dmoo2\emo\tmp\WIN32\libemo\Debug\CL.read.1.tlog
F:\amzhou\DMOEA20130121\project_dmoo2\emo\tmp\WIN32\libemo\Debug\CL.write.1.tlog
F:\amzhou\DMOEA20130121\project_dmoo2\emo\tmp\WIN32\libemo\Debug\Lib-link.read.1.tlog
F:\amzhou\DMOEA20130121\project_dmoo2\emo\tmp\WIN32\libemo\Debug\Lib-link.write.1.tlog
F:\amzhou\DMOEA20130121\project_dmoo2\emo\tmp\WIN32\libemo\Debug\lib.command.1.tlog
F:\amzhou\DMOEA20130121\project_dmoo2\emo\tmp\WIN32\libemo\Debug\vc110.idb
F:\amzhou\DMOEA20130121\project_dmoo2\emo\tmp\WIN32\libemo\Debug\vc110.pdb
