F:\AMZHOU\DMOEA20130121\PROJECT_DMOO2\EMO\TMP\WIN32\LIBALG\RELEASE\SOM.OBJ
F:\AMZHOU\DMOEA20130121\PROJECT_DMOO2\EMO\TMP\WIN32\LIBALG\RELEASE\RANDOM.OBJ
F:\AMZHOU\DMOEA20130121\PROJECT_DMOO2\EMO\TMP\WIN32\LIBALG\RELEASE\QNEWTON.OBJ
F:\AMZHOU\DMOEA20130121\PROJECT_DMOO2\EMO\TMP\WIN32\LIBALG\RELEASE\PCA.OBJ
F:\AMZHOU\DMOEA20130121\PROJECT_DMOO2\EMO\TMP\WIN32\LIBALG\RELEASE\MODEL.OBJ
F:\AMZHOU\DMOEA20130121\PROJECT_DMOO2\EMO\TMP\WIN32\LIBALG\RELEASE\MIXGAUSS.OBJ
F:\AMZHOU\DMOEA20130121\PROJECT_DMOO2\EMO\TMP\WIN32\LIBALG\RELEASE\MATRIXALG.OBJ
F:\AMZHOU\DMOEA20130121\PROJECT_DMOO2\EMO\TMP\WIN32\LIBALG\RELEASE\MATRIX.OBJ
F:\AMZHOU\DMOEA20130121\PROJECT_DMOO2\EMO\TMP\WIN32\LIBALG\RELEASE\LOCALPCAO.OBJ
F:\AMZHOU\DMOEA20130121\PROJECT_DMOO2\EMO\TMP\WIN32\LIBALG\RELEASE\LOCALPCA.OBJ
F:\AMZHOU\DMOEA20130121\PROJECT_DMOO2\EMO\TMP\WIN32\LIBALG\RELEASE\KMEANS.OBJ
F:\AMZHOU\DMOEA20130121\PROJECT_DMOO2\EMO\TMP\WIN32\LIBALG\RELEASE\HCSAMPLER.OBJ
F:\AMZHOU\DMOEA20130121\PROJECT_DMOO2\EMO\TMP\WIN32\LIBALG\RELEASE\GTM.OBJ
F:\AMZHOU\DMOEA20130121\PROJECT_DMOO2\EMO\TMP\WIN32\LIBALG\RELEASE\FITTING.OBJ
F:\AMZHOU\DMOEA20130121\PROJECT_DMOO2\EMO\TMP\WIN32\LIBALG\RELEASE\BPTSERIES.OBJ
F:\AMZHOU\DMOEA20130121\PROJECT_DMOO2\EMO\TMP\WIN32\LIBALG\RELEASE\AR.OBJ
F:\AMZHOU\DMOEA20130121\PROJECT_DMOO2\EMO\TMP\WIN32\LIBALG\RELEASE\AMOEBA.OBJ
F:\AMZHOU\DMOEA20130121\PROJECT_DMOO2\EMO\TMP\WIN32\LIBALG\RELEASE\VC110.PDB
F:\AMZHOU\DMOEA20130121\PROJECT_DMOO2\EMO\LIB\LIBALG.LIB
F:\amzhou\DMOEA20130121\project_dmoo2\emo\tmp\WIN32\libalg\Release\amoeba.obj
F:\amzhou\DMOEA20130121\project_dmoo2\emo\tmp\WIN32\libalg\Release\AR.obj
F:\amzhou\DMOEA20130121\project_dmoo2\emo\tmp\WIN32\libalg\Release\BPTSeries.obj
F:\amzhou\DMOEA20130121\project_dmoo2\emo\tmp\WIN32\libalg\Release\Fitting.obj
F:\amzhou\DMOEA20130121\project_dmoo2\emo\tmp\WIN32\libalg\Release\GTM.obj
F:\amzhou\DMOEA20130121\project_dmoo2\emo\tmp\WIN32\libalg\Release\HCSampler.obj
F:\amzhou\DMOEA20130121\project_dmoo2\emo\tmp\WIN32\libalg\Release\Kmeans.obj
F:\amzhou\DMOEA20130121\project_dmoo2\emo\tmp\WIN32\libalg\Release\LocalPCA.obj
F:\amzhou\DMOEA20130121\project_dmoo2\emo\tmp\WIN32\libalg\Release\LocalPCAO.obj
F:\amzhou\DMOEA20130121\project_dmoo2\emo\tmp\WIN32\libalg\Release\Matrix.obj
F:\amzhou\DMOEA20130121\project_dmoo2\emo\tmp\WIN32\libalg\Release\MatrixAlg.obj
F:\amzhou\DMOEA20130121\project_dmoo2\emo\tmp\WIN32\libalg\Release\MixGauss.obj
F:\amzhou\DMOEA20130121\project_dmoo2\emo\tmp\WIN32\libalg\Release\Model.obj
F:\amzhou\DMOEA20130121\project_dmoo2\emo\tmp\WIN32\libalg\Release\PCA.obj
F:\amzhou\DMOEA20130121\project_dmoo2\emo\tmp\WIN32\libalg\Release\QNewton.obj
F:\amzhou\DMOEA20130121\project_dmoo2\emo\tmp\WIN32\libalg\Release\Random.obj
F:\amzhou\DMOEA20130121\project_dmoo2\emo\tmp\WIN32\libalg\Release\SOM.obj
F:\amzhou\DMOEA20130121\project_dmoo2\emo\tmp\WIN32\libalg\Release\cl.command.1.tlog
F:\amzhou\DMOEA20130121\project_dmoo2\emo\tmp\WIN32\libalg\Release\CL.read.1.tlog
F:\amzhou\DMOEA20130121\project_dmoo2\emo\tmp\WIN32\libalg\Release\CL.write.1.tlog
F:\amzhou\DMOEA20130121\project_dmoo2\emo\tmp\WIN32\libalg\Release\Lib-link.read.1.tlog
F:\amzhou\DMOEA20130121\project_dmoo2\emo\tmp\WIN32\libalg\Release\Lib-link.write.1.tlog
F:\amzhou\DMOEA20130121\project_dmoo2\emo\tmp\WIN32\libalg\Release\lib.command.1.tlog
F:\amzhou\DMOEA20130121\project_dmoo2\emo\tmp\WIN32\libalg\Release\vc110.pdb
F:\amzhou\DMOEA20130121\project_dmoo2\emo\lib\libalg.lib
