F:\AMZHOU\DMOEA20130121\PROJECT_DMOO2\EMO\TMP\WIN32\LIBEMO\RELEASE\GENPCX.OBJ
F:\AMZHOU\DMOEA20130121\PROJECT_DMOO2\EMO\TMP\WIN32\LIBEMO\RELEASE\GENMODSOM.OBJ
F:\AMZHOU\DMOEA20130121\PROJECT_DMOO2\EMO\TMP\WIN32\LIBEMO\RELEASE\GENMODRMH.OBJ
F:\AMZHOU\DMOEA20130121\PROJECT_DMOO2\EMO\TMP\WIN32\LIBEMO\RELEASE\GENMODRM_O.OBJ
F:\AMZHOU\DMOEA20130121\PROJECT_DMOO2\EMO\TMP\WIN32\LIBEMO\RELEASE\GENMODRM3.OBJ
F:\AMZHOU\DMOEA20130121\PROJECT_DMOO2\EMO\TMP\WIN32\LIBEMO\RELEASE\GENMODRM2.OBJ
F:\AMZHOU\DMOEA20130121\PROJECT_DMOO2\EMO\TMP\WIN32\LIBEMO\RELEASE\GENMODRM.OBJ
F:\AMZHOU\DMOEA20130121\PROJECT_DMOO2\EMO\TMP\WIN32\LIBEMO\RELEASE\GENMODMIXGAUSS.OBJ
F:\AMZHOU\DMOEA20130121\PROJECT_DMOO2\EMO\TMP\WIN32\LIBEMO\RELEASE\GENMODMIDEA.OBJ
F:\AMZHOU\DMOEA20130121\PROJECT_DMOO2\EMO\TMP\WIN32\LIBEMO\RELEASE\GENMODLOCALPCAO.OBJ
F:\AMZHOU\DMOEA20130121\PROJECT_DMOO2\EMO\TMP\WIN32\LIBEMO\RELEASE\GENMODLOCAL.OBJ
F:\AMZHOU\DMOEA20130121\PROJECT_DMOO2\EMO\TMP\WIN32\LIBEMO\RELEASE\GENMODHYBRIDB.OBJ
F:\AMZHOU\DMOEA20130121\PROJECT_DMOO2\EMO\TMP\WIN32\LIBEMO\RELEASE\GENMODHYBRIDA.OBJ
F:\AMZHOU\DMOEA20130121\PROJECT_DMOO2\EMO\TMP\WIN32\LIBEMO\RELEASE\GENMODGTM2.OBJ
F:\AMZHOU\DMOEA20130121\PROJECT_DMOO2\EMO\TMP\WIN32\LIBEMO\RELEASE\GENMODGTM1.OBJ
F:\AMZHOU\DMOEA20130121\PROJECT_DMOO2\EMO\TMP\WIN32\LIBEMO\RELEASE\GENMOD.OBJ
F:\AMZHOU\DMOEA20130121\PROJECT_DMOO2\EMO\TMP\WIN32\LIBEMO\RELEASE\GENGTX.OBJ
F:\AMZHOU\DMOEA20130121\PROJECT_DMOO2\EMO\TMP\WIN32\LIBEMO\RELEASE\GENFUZZY.OBJ
F:\AMZHOU\DMOEA20130121\PROJECT_DMOO2\EMO\TMP\WIN32\LIBEMO\RELEASE\GENESIMPLEX.OBJ
F:\AMZHOU\DMOEA20130121\PROJECT_DMOO2\EMO\TMP\WIN32\LIBEMO\RELEASE\GENDE.OBJ
F:\AMZHOU\DMOEA20130121\PROJECT_DMOO2\EMO\TMP\WIN32\LIBEMO\RELEASE\SELNEIGHBOR.OBJ
F:\AMZHOU\DMOEA20130121\PROJECT_DMOO2\EMO\TMP\WIN32\LIBEMO\RELEASE\SELMAXMIN.OBJ
F:\AMZHOU\DMOEA20130121\PROJECT_DMOO2\EMO\TMP\WIN32\LIBEMO\RELEASE\SELM.OBJ
F:\AMZHOU\DMOEA20130121\PROJECT_DMOO2\EMO\TMP\WIN32\LIBEMO\RELEASE\SELG.OBJ
F:\AMZHOU\DMOEA20130121\PROJECT_DMOO2\EMO\TMP\WIN32\LIBEMO\RELEASE\SELDUALCROWD.OBJ
F:\AMZHOU\DMOEA20130121\PROJECT_DMOO2\EMO\TMP\WIN32\LIBEMO\RELEASE\SELCROWD.OBJ
F:\AMZHOU\DMOEA20130121\PROJECT_DMOO2\EMO\TMP\WIN32\LIBEMO\RELEASE\POPULATIONMO.OBJ
F:\AMZHOU\DMOEA20130121\PROJECT_DMOO2\EMO\TMP\WIN32\LIBEMO\RELEASE\INITIALIZATION.OBJ
F:\AMZHOU\DMOEA20130121\PROJECT_DMOO2\EMO\TMP\WIN32\LIBEMO\RELEASE\INDIVIDUALMO.OBJ
F:\AMZHOU\DMOEA20130121\PROJECT_DMOO2\EMO\TMP\WIN32\LIBEMO\RELEASE\GENSIMPLEX.OBJ
F:\AMZHOU\DMOEA20130121\PROJECT_DMOO2\EMO\TMP\WIN32\LIBEMO\RELEASE\GENSBX.OBJ
F:\AMZHOU\DMOEA20130121\PROJECT_DMOO2\EMO\TMP\WIN32\LIBEMO\RELEASE\VC110.PDB
F:\AMZHOU\DMOEA20130121\PROJECT_DMOO2\EMO\LIB\LIBEMO.LIB
F:\amzhou\DMOEA20130121\project_dmoo2\emo\tmp\WIN32\libemo\Release\GenDE.obj
F:\amzhou\DMOEA20130121\project_dmoo2\emo\tmp\WIN32\libemo\Release\GenESimplex.obj
F:\amzhou\DMOEA20130121\project_dmoo2\emo\tmp\WIN32\libemo\Release\GenFuzzy.obj
F:\amzhou\DMOEA20130121\project_dmoo2\emo\tmp\WIN32\libemo\Release\GenGTX.obj
F:\amzhou\DMOEA20130121\project_dmoo2\emo\tmp\WIN32\libemo\Release\GenMod.obj
F:\amzhou\DMOEA20130121\project_dmoo2\emo\tmp\WIN32\libemo\Release\GenModGTM1.obj
F:\amzhou\DMOEA20130121\project_dmoo2\emo\tmp\WIN32\libemo\Release\GenModGTM2.obj
F:\amzhou\DMOEA20130121\project_dmoo2\emo\tmp\WIN32\libemo\Release\GenModHybridA.obj
F:\amzhou\DMOEA20130121\project_dmoo2\emo\tmp\WIN32\libemo\Release\GenModHybridB.obj
F:\amzhou\DMOEA20130121\project_dmoo2\emo\tmp\WIN32\libemo\Release\GenModLocal.obj
F:\amzhou\DMOEA20130121\project_dmoo2\emo\tmp\WIN32\libemo\Release\GenModLocalPCAO.obj
F:\amzhou\DMOEA20130121\project_dmoo2\emo\tmp\WIN32\libemo\Release\GenModMIDEA.obj
F:\amzhou\DMOEA20130121\project_dmoo2\emo\tmp\WIN32\libemo\Release\GenModMixGauss.obj
F:\amzhou\DMOEA20130121\project_dmoo2\emo\tmp\WIN32\libemo\Release\GenModRM.obj
F:\amzhou\DMOEA20130121\project_dmoo2\emo\tmp\WIN32\libemo\Release\GenModRM2.obj
F:\amzhou\DMOEA20130121\project_dmoo2\emo\tmp\WIN32\libemo\Release\GenModRM3.obj
F:\amzhou\DMOEA20130121\project_dmoo2\emo\tmp\WIN32\libemo\Release\GenModRMH.obj
F:\amzhou\DMOEA20130121\project_dmoo2\emo\tmp\WIN32\libemo\Release\GenModRM_O.obj
F:\amzhou\DMOEA20130121\project_dmoo2\emo\tmp\WIN32\libemo\Release\GenModSOM.obj
F:\amzhou\DMOEA20130121\project_dmoo2\emo\tmp\WIN32\libemo\Release\GenPCX.obj
F:\amzhou\DMOEA20130121\project_dmoo2\emo\tmp\WIN32\libemo\Release\GenSBX.obj
F:\amzhou\DMOEA20130121\project_dmoo2\emo\tmp\WIN32\libemo\Release\GenSimplex.obj
F:\amzhou\DMOEA20130121\project_dmoo2\emo\tmp\WIN32\libemo\Release\IndividualMO.obj
F:\amzhou\DMOEA20130121\project_dmoo2\emo\tmp\WIN32\libemo\Release\Initialization.obj
F:\amzhou\DMOEA20130121\project_dmoo2\emo\tmp\WIN32\libemo\Release\PopulationMO.obj
F:\amzhou\DMOEA20130121\project_dmoo2\emo\tmp\WIN32\libemo\Release\SelCrowd.obj
F:\amzhou\DMOEA20130121\project_dmoo2\emo\tmp\WIN32\libemo\Release\SelDualCrowd.obj
F:\amzhou\DMOEA20130121\project_dmoo2\emo\tmp\WIN32\libemo\Release\SelG.obj
F:\amzhou\DMOEA20130121\project_dmoo2\emo\tmp\WIN32\libemo\Release\SelM.obj
F:\amzhou\DMOEA20130121\project_dmoo2\emo\tmp\WIN32\libemo\Release\SelMaxMin.obj
F:\amzhou\DMOEA20130121\project_dmoo2\emo\tmp\WIN32\libemo\Release\SelNeighbor.obj
F:\amzhou\DMOEA20130121\project_dmoo2\emo\tmp\WIN32\libemo\Release\cl.command.1.tlog
F:\amzhou\DMOEA20130121\project_dmoo2\emo\tmp\WIN32\libemo\Release\CL.read.1.tlog
F:\amzhou\DMOEA20130121\project_dmoo2\emo\tmp\WIN32\libemo\Release\CL.write.1.tlog
F:\amzhou\DMOEA20130121\project_dmoo2\emo\tmp\WIN32\libemo\Release\Lib-link.read.1.tlog
F:\amzhou\DMOEA20130121\project_dmoo2\emo\tmp\WIN32\libemo\Release\Lib-link.write.1.tlog
F:\amzhou\DMOEA20130121\project_dmoo2\emo\tmp\WIN32\libemo\Release\lib.command.1.tlog
F:\amzhou\DMOEA20130121\project_dmoo2\emo\tmp\WIN32\libemo\Release\vc110.pdb
F:\amzhou\DMOEA20130121\project_dmoo2\emo\lib\libemo.lib
