F:\AMZHOU\DMOEA20130121\PROJECT_DMOO2\EMO\TMP\WIN32\LIBALG\DEBUG\AMOEBA.OBJ
F:\AMZHOU\DMOEA20130121\PROJECT_DMOO2\EMO\TMP\WIN32\LIBALG\DEBUG\AR.OBJ
F:\AMZHOU\DMOEA20130121\PROJECT_DMOO2\EMO\TMP\WIN32\LIBALG\DEBUG\BP.OBJ
F:\AMZHOU\DMOEA20130121\PROJECT_DMOO2\EMO\TMP\WIN32\LIBALG\DEBUG\FITTING.OBJ
F:\AMZHOU\DMOEA20130121\PROJECT_DMOO2\EMO\TMP\WIN32\LIBALG\DEBUG\GTM.OBJ
F:\AMZHOU\DMOEA20130121\PROJECT_DMOO2\EMO\TMP\WIN32\LIBALG\DEBUG\HCSAMPLER.OBJ
F:\AMZHOU\DMOEA20130121\PROJECT_DMOO2\EMO\TMP\WIN32\LIBALG\DEBUG\KMEANS.OBJ
F:\AMZHOU\DMOEA20130121\PROJECT_DMOO2\EMO\TMP\WIN32\LIBALG\DEBUG\LOCALPCA.OBJ
F:\AMZHOU\DMOEA20130121\PROJECT_DMOO2\EMO\TMP\WIN32\LIBALG\DEBUG\LOCALPCAO.OBJ
F:\AMZHOU\DMOEA20130121\PROJECT_DMOO2\EMO\TMP\WIN32\LIBALG\DEBUG\MATRIX.OBJ
F:\AMZHOU\DMOEA20130121\PROJECT_DMOO2\EMO\TMP\WIN32\LIBALG\DEBUG\MATRIXALG.OBJ
F:\AMZHOU\DMOEA20130121\PROJECT_DMOO2\EMO\TMP\WIN32\LIBALG\DEBUG\MIXGAUSS.OBJ
F:\AMZHOU\DMOEA20130121\PROJECT_DMOO2\EMO\TMP\WIN32\LIBALG\DEBUG\MODEL.OBJ
F:\AMZHOU\DMOEA20130121\PROJECT_DMOO2\EMO\TMP\WIN32\LIBALG\DEBUG\PCA.OBJ
F:\AMZHOU\DMOEA20130121\PROJECT_DMOO2\EMO\TMP\WIN32\LIBALG\DEBUG\QNEWTON.OBJ
F:\AMZHOU\DMOEA20130121\PROJECT_DMOO2\EMO\TMP\WIN32\LIBALG\DEBUG\RANDOM.OBJ
F:\AMZHOU\DMOEA20130121\PROJECT_DMOO2\EMO\TMP\WIN32\LIBALG\DEBUG\SOM.OBJ
F:\AMZHOU\DMOEA20130121\PROJECT_DMOO2\EMO\TMP\WIN32\LIBALG\DEBUG\VC110.PDB
F:\AMZHOU\DMOEA20130121\PROJECT_DMOO2\EMO\LIB\LIBALG.LIB
F:\amzhou\DMOEA20130121\project_dmoo2\emo\tmp\WIN32\libalg\Debug\amoeba.obj
F:\amzhou\DMOEA20130121\project_dmoo2\emo\tmp\WIN32\libalg\Debug\AR.obj
F:\amzhou\DMOEA20130121\project_dmoo2\emo\tmp\WIN32\libalg\Debug\BP.obj
F:\amzhou\DMOEA20130121\project_dmoo2\emo\tmp\WIN32\libalg\Debug\Fitting.obj
F:\amzhou\DMOEA20130121\project_dmoo2\emo\tmp\WIN32\libalg\Debug\GTM.obj
F:\amzhou\DMOEA20130121\project_dmoo2\emo\tmp\WIN32\libalg\Debug\HCSampler.obj
F:\amzhou\DMOEA20130121\project_dmoo2\emo\tmp\WIN32\libalg\Debug\Kmeans.obj
F:\amzhou\DMOEA20130121\project_dmoo2\emo\tmp\WIN32\libalg\Debug\LocalPCA.obj
F:\amzhou\DMOEA20130121\project_dmoo2\emo\tmp\WIN32\libalg\Debug\LocalPCAO.obj
F:\amzhou\DMOEA20130121\project_dmoo2\emo\tmp\WIN32\libalg\Debug\Matrix.obj
F:\amzhou\DMOEA20130121\project_dmoo2\emo\tmp\WIN32\libalg\Debug\MatrixAlg.obj
F:\amzhou\DMOEA20130121\project_dmoo2\emo\tmp\WIN32\libalg\Debug\MixGauss.obj
F:\amzhou\DMOEA20130121\project_dmoo2\emo\tmp\WIN32\libalg\Debug\Model.obj
F:\amzhou\DMOEA20130121\project_dmoo2\emo\tmp\WIN32\libalg\Debug\PCA.obj
F:\amzhou\DMOEA20130121\project_dmoo2\emo\tmp\WIN32\libalg\Debug\QNewton.obj
F:\amzhou\DMOEA20130121\project_dmoo2\emo\tmp\WIN32\libalg\Debug\Random.obj
F:\amzhou\DMOEA20130121\project_dmoo2\emo\tmp\WIN32\libalg\Debug\SOM.obj
F:\amzhou\DMOEA20130121\project_dmoo2\emo\tmp\WIN32\libalg\Debug\cl.command.1.tlog
F:\amzhou\DMOEA20130121\project_dmoo2\emo\tmp\WIN32\libalg\Debug\CL.read.1.tlog
F:\amzhou\DMOEA20130121\project_dmoo2\emo\tmp\WIN32\libalg\Debug\CL.write.1.tlog
F:\amzhou\DMOEA20130121\project_dmoo2\emo\tmp\WIN32\libalg\Debug\Lib-link.read.1.tlog
F:\amzhou\DMOEA20130121\project_dmoo2\emo\tmp\WIN32\libalg\Debug\Lib-link.write.1.tlog
F:\amzhou\DMOEA20130121\project_dmoo2\emo\tmp\WIN32\libalg\Debug\lib.command.1.tlog
F:\amzhou\DMOEA20130121\project_dmoo2\emo\tmp\WIN32\libalg\Debug\vc110.idb
F:\amzhou\DMOEA20130121\project_dmoo2\emo\tmp\WIN32\libalg\Debug\vc110.pdb
